<?xml version="1.0" encoding="UTF-8"?>
<!-- Generated by org.testng.reporters.JUnitReportReporter -->
<testsuite hostname="SupriyaSP" failures="0" tests="2" name="practice.test.GetProductInfoTest" time="34.730" errors="0" timestamp="2024-08-02T11:38:01 IST" skipped="0">
  <testcase classname="practice.test.GetProductInfoTest" name="getProductInfoTest" time="7.702"/>
  <system-out/>
  <testcase classname="practice.test.GetProductInfoTest" name="getProductInfoTest" time="27.028"/>
  <system-out/>
</testsuite> <!-- practice.test.GetProductInfoTest -->
