<?xml version="1.0" encoding="UTF-8"?>
<!-- Generated by org.testng.reporters.JUnitReportReporter -->
<testsuite hostname="SupriyaSP" failures="0" tests="2" name="practice.test.CreateContactTest" time="0.014" errors="0" timestamp="2024-08-02T14:52:31 IST" skipped="0">
  <testcase classname="practice.test.CreateContactTest" name="createContactWithDate" time="0.003"/>
  <system-out/>
  <testcase classname="practice.test.CreateContactTest" name="createContact" time="0.011"/>
  <system-out/>
</testsuite> <!-- practice.test.CreateContactTest -->
