<?xml version="1.0" encoding="UTF-8"?>
<!-- Generated by org.testng.reporters.JUnitReportReporter -->
<testsuite hostname="SupriyaSP" failures="0" tests="4" name="com.crm.comcast.orgtest.TestOrg" time="0.024" errors="0" timestamp="2024-08-03T14:37:26 IST" skipped="0">
  <testcase classname="com.crm.comcast.orgtest.TestOrg" name="test1" time="0.015"/>
  <system-out/>
  <testcase classname="com.crm.comcast.orgtest.TestOrg" name="test4" time="0.003"/>
  <system-out/>
  <testcase classname="com.crm.comcast.orgtest.TestOrg" name="test2" time="0.002"/>
  <system-out/>
  <testcase classname="com.crm.comcast.orgtest.TestOrg" name="test3" time="0.004"/>
  <system-out/>
</testsuite> <!-- com.crm.comcast.orgtest.TestOrg -->
