<?xml version="1.0" encoding="UTF-8"?>
<!-- Generated by org.testng.reporters.JUnitReportReporter -->
<testsuite hostname="SupriyaSP" failures="0" tests="4" name="com.crm.comcast.contacttest.sampleparallelTest" time="0.026" errors="0" timestamp="2024-08-03T14:37:26 IST" skipped="0">
  <testcase classname="com.crm.comcast.contacttest.sampleparallelTest" name="sample2" time="0.004"/>
  <system-out/>
  <testcase classname="com.crm.comcast.contacttest.sampleparallelTest" name="sample4" time="0.003"/>
  <system-out/>
  <testcase classname="com.crm.comcast.contacttest.sampleparallelTest" name="sample3" time="0.004"/>
  <system-out/>
  <testcase classname="com.crm.comcast.contacttest.sampleparallelTest" name="sample1" time="0.015"/>
  <system-out/>
</testsuite> <!-- com.crm.comcast.contacttest.sampleparallelTest -->
